2022-04-22 20:55:32,567 [main] INFO  o.s.b.w.embedded.tomcat.TomcatWebServer            - Tomcat initialized with port(s): 8081 (http)
2022-04-22 20:55:32,605 [main] INFO  o.apache.coyote.http11.Http11NioProtocol           - Initializing ProtocolHandler ["http-nio-8081"]
2022-04-22 20:55:32,607 [main] INFO  org.apache.catalina.core.StandardService           - Starting service [Tomcat]
2022-04-22 20:55:32,608 [main] INFO  org.apache.catalina.core.StandardEngine            - Starting Servlet engine: [Apache Tomcat/9.0.56]
2022-04-22 20:55:32,769 [main] INFO  o.a.c.c.C.[Tomcat].[localhost].[/]                 - Initializing Spring embedded WebApplicationContext
2022-04-22 20:55:32,769 [main] INFO  o.s.b.w.s.c.ServletWebServerApplicationContext     - Root WebApplicationContext: initialization completed in 1942 ms
2022-04-22 20:55:32,810 [main] INFO  com.zaxxer.hikari.HikariDataSource                 - HikariPool-1 - Starting...
2022-04-22 20:55:33,104 [main] INFO  com.zaxxer.hikari.HikariDataSource                 - HikariPool-1 - Start completed.
2022-04-22 20:55:33,124 [main] INFO  o.s.b.a.h2.H2ConsoleAutoConfiguration              - H2 console available at '/h2-console'. Database available at 'jdbc:h2:mem:student'
2022-04-22 20:55:33,301 [main] INFO  o.hibernate.jpa.internal.util.LogHelper            - HHH000204: Processing PersistenceUnitInfo [name: default]
2022-04-22 20:55:33,392 [main] INFO  org.hibernate.Version                              - HHH000412: Hibernate ORM core version 5.6.3.Final
2022-04-22 20:55:33,611 [main] INFO  org.hibernate.annotations.common.Version           - HCANN000001: Hibernate Commons Annotations {5.1.2.Final}
2022-04-22 20:55:33,770 [main] INFO  org.hibernate.dialect.Dialect                      - HHH000400: Using dialect: org.hibernate.dialect.H2Dialect
2022-04-22 20:55:34,791 [main] INFO  o.h.e.t.j.p.i.JtaPlatformInitiator                 - HHH000490: Using JtaPlatform implementation: [org.hibernate.engine.transaction.jta.platform.internal.NoJtaPlatform]
2022-04-22 20:55:34,804 [main] INFO  o.s.o.j.LocalContainerEntityManagerFactoryBean     - Initialized JPA EntityManagerFactory for persistence unit 'default'
2022-04-22 20:55:35,619 [main] WARN  o.s.b.a.o.j.JpaBaseConfiguration$JpaWebConfiguration - spring.jpa.open-in-view is enabled by default. Therefore, database queries may be performed during view rendering. Explicitly configure spring.jpa.open-in-view to disable this warning
2022-04-22 20:55:36,032 [main] INFO  o.apache.coyote.http11.Http11NioProtocol           - Starting ProtocolHandler ["http-nio-8081"]
2022-04-22 20:55:36,095 [main] INFO  o.s.b.w.embedded.tomcat.TomcatWebServer            - Tomcat started on port(s): 8081 (http) with context path ''
2022-04-22 20:55:36,111 [main] INFO  c.e.student.StudentManagementApplication           - Started StudentManagementApplication in 5.908 seconds (JVM running for 7.319)
2022-04-22 20:56:12,450 [http-nio-8081-exec-2] INFO  o.a.c.c.C.[Tomcat].[localhost].[/]                 - Initializing Spring DispatcherServlet 'dispatcherServlet'
2022-04-22 20:56:12,451 [http-nio-8081-exec-2] INFO  o.s.web.servlet.DispatcherServlet                  - Initializing Servlet 'dispatcherServlet'
2022-04-22 20:56:12,453 [http-nio-8081-exec-2] INFO  o.s.web.servlet.DispatcherServlet                  - Completed initialization in 2 ms
2022-04-22 20:56:12,717 [http-nio-8081-exec-2] INFO  c.e.student.controller.StudentController           - Post Request Came For All Students
2022-04-22 20:56:12,718 [http-nio-8081-exec-2] INFO  c.e.student.controller.StudentController           - Post Request is forwarded to service layer
2022-04-22 20:56:22,519 [http-nio-8081-exec-3] INFO  c.e.student.controller.StudentController           - Get Request For A Studet id 1 came
2022-04-22 20:56:22,521 [http-nio-8081-exec-3] INFO  c.e.student.controller.StudentController           - Get Request is forwarded to service layer
2022-04-24 13:01:58,295 [main] INFO  o.s.b.t.c.SpringBootTestContextBootstrapper        - Neither @ContextConfiguration nor @ContextHierarchy found for test class [com.example.student.StudentManagementApplicationTests], using SpringBootContextLoader
2022-04-24 13:01:58,325 [main] INFO  o.s.t.c.support.AbstractContextLoader              - Could not detect default resource locations for test class [com.example.student.StudentManagementApplicationTests]: no resource found for suffixes {-context.xml, Context.groovy}.
2022-04-24 13:01:58,327 [main] INFO  o.s.t.c.s.AnnotationConfigContextLoaderUtils       - Could not detect default configuration classes for test class [com.example.student.StudentManagementApplicationTests]: StudentManagementApplicationTests does not declare any static, non-private, non-final, nested classes annotated with @Configuration.
2022-04-24 13:01:58,796 [main] INFO  o.s.b.t.c.SpringBootTestContextBootstrapper        - Found @SpringBootConfiguration com.example.student.StudentManagementApplication for test class com.example.student.StudentManagementApplicationTests
2022-04-24 13:01:59,249 [main] INFO  o.s.b.t.c.SpringBootTestContextBootstrapper        - Loaded default TestExecutionListener class names from location [META-INF/spring.factories]: [org.springframework.boot.test.mock.mockito.MockitoTestExecutionListener, org.springframework.boot.test.mock.mockito.ResetMocksTestExecutionListener, org.springframework.boot.test.autoconfigure.restdocs.RestDocsTestExecutionListener, org.springframework.boot.test.autoconfigure.web.client.MockRestServiceServerResetTestExecutionListener, org.springframework.boot.test.autoconfigure.web.servlet.MockMvcPrintOnlyOnFailureTestExecutionListener, org.springframework.boot.test.autoconfigure.web.servlet.WebDriverTestExecutionListener, org.springframework.boot.test.autoconfigure.webservices.client.MockWebServiceServerTestExecutionListener, org.springframework.test.context.web.ServletTestExecutionListener, org.springframework.test.context.support.DirtiesContextBeforeModesTestExecutionListener, org.springframework.test.context.event.ApplicationEventsTestExecutionListener, org.springframework.test.context.support.DependencyInjectionTestExecutionListener, org.springframework.test.context.support.DirtiesContextTestExecutionListener, org.springframework.test.context.transaction.TransactionalTestExecutionListener, org.springframework.test.context.jdbc.SqlScriptsTestExecutionListener, org.springframework.test.context.event.EventPublishingTestExecutionListener, org.springframework.security.test.context.support.WithSecurityContextTestExecutionListener, org.springframework.security.test.context.support.ReactorContextTestExecutionListener]
2022-04-24 13:01:59,381 [main] INFO  o.s.b.t.c.SpringBootTestContextBootstrapper        - Using TestExecutionListeners: [org.springframework.test.context.web.ServletTestExecutionListener@5fb97279, org.springframework.test.context.support.DirtiesContextBeforeModesTestExecutionListener@439a8f59, org.springframework.test.context.event.ApplicationEventsTestExecutionListener@61861a29, org.springframework.boot.test.mock.mockito.MockitoTestExecutionListener@31024624, org.springframework.boot.test.autoconfigure.SpringBootDependencyInjectionTestExecutionListener@25bcd0c7, org.springframework.test.context.support.DirtiesContextTestExecutionListener@32cb636e, org.springframework.test.context.transaction.TransactionalTestExecutionListener@63cd604c, org.springframework.test.context.jdbc.SqlScriptsTestExecutionListener@40dd3977, org.springframework.test.context.event.EventPublishingTestExecutionListener@3a4e343, org.springframework.security.test.context.support.WithSecurityContextTestExecutionListener@6a1d204a, org.springframework.security.test.context.support.ReactorContextTestExecutionListener@62dae245, org.springframework.boot.test.mock.mockito.ResetMocksTestExecutionListener@4b6579e8, org.springframework.boot.test.autoconfigure.restdocs.RestDocsTestExecutionListener@6fff253c, org.springframework.boot.test.autoconfigure.web.client.MockRestServiceServerResetTestExecutionListener@6c6357f9, org.springframework.boot.test.autoconfigure.web.servlet.MockMvcPrintOnlyOnFailureTestExecutionListener@591e58fa, org.springframework.boot.test.autoconfigure.web.servlet.WebDriverTestExecutionListener@3954d008, org.springframework.boot.test.autoconfigure.webservices.client.MockWebServiceServerTestExecutionListener@2f94c4db]
