2022-04-11 17:21:31,850 [main] INFO  o.h.e.t.j.p.i.JtaPlatformInitiator                 - HHH000490: Using JtaPlatform implementation: [org.hibernate.engine.transaction.jta.platform.internal.NoJtaPlatform]
2022-04-11 17:21:32,307 [main] INFO  o.s.o.j.LocalContainerEntityManagerFactoryBean     - Initialized JPA EntityManagerFactory for persistence unit 'default'
2022-04-11 17:21:33,111 [main] WARN  o.s.b.a.o.j.JpaBaseConfiguration$JpaWebConfiguration - spring.jpa.open-in-view is enabled by default. Therefore, database queries may be performed during view rendering. Explicitly configure spring.jpa.open-in-view to disable this warning
2022-04-11 17:21:33,596 [main] INFO  o.apache.coyote.http11.Http11NioProtocol           - Starting ProtocolHandler ["http-nio-8081"]
2022-04-11 17:21:33,997 [main] INFO  o.s.b.w.embedded.tomcat.TomcatWebServer            - Tomcat started on port(s): 8081 (http) with context path ''
2022-04-11 17:21:34,012 [main] INFO  c.e.student.StudentManagementApplication           - Started StudentManagementApplication in 10.254 seconds (JVM running for 12.885)
2022-04-11 17:22:12,375 [http-nio-8081-exec-2] INFO  o.a.c.c.C.[Tomcat].[localhost].[/]                 - Initializing Spring DispatcherServlet 'dispatcherServlet'
2022-04-11 17:22:12,375 [http-nio-8081-exec-2] INFO  o.s.web.servlet.DispatcherServlet                  - Initializing Servlet 'dispatcherServlet'
2022-04-11 17:22:12,376 [http-nio-8081-exec-2] INFO  o.s.web.servlet.DispatcherServlet                  - Completed initialization in 1 ms
2022-04-11 17:22:12,619 [http-nio-8081-exec-2] INFO  c.e.student.controller.StudentController           - Post Request Came For All Students
2022-04-11 17:22:12,620 [http-nio-8081-exec-2] INFO  c.e.student.controller.StudentController           - Post Request is forwarded to service layer
2022-04-11 17:22:12,687 [http-nio-8081-exec-2] ERROR c.e.student.exceptions.GlobalExceptions            - NoSuchElement Exception is caught
2022-04-11 17:22:49,496 [RMI TCP Connection(5)-127.0.0.1] INFO  o.s.b.a.SpringApplicationAdminMXBeanRegistrar$SpringApplicationAdmin - Application shutdown requested.
2022-04-11 17:22:49,530 [RMI TCP Connection(5)-127.0.0.1] INFO  o.s.o.j.LocalContainerEntityManagerFactoryBean     - Closing JPA EntityManagerFactory for persistence unit 'default'
2022-04-11 17:22:49,532 [RMI TCP Connection(5)-127.0.0.1] INFO  com.zaxxer.hikari.HikariDataSource                 - HikariPool-1 - Shutdown initiated...
2022-04-11 17:22:49,535 [RMI TCP Connection(5)-127.0.0.1] INFO  com.zaxxer.hikari.HikariDataSource                 - HikariPool-1 - Shutdown completed.
2022-04-11 17:23:26,198 [background-preinit] INFO  o.h.validator.internal.util.Version                - HV000001: Hibernate Validator 6.2.0.Final
2022-04-11 17:23:26,224 [main] INFO  c.e.student.StudentManagementApplication           - Starting StudentManagementApplication using Java 17 on DESKTOP-6MJ53NL with PID 12620 (C:\Users\admin\git\StudentRestApi\target\classes started by admin in C:\Users\admin\git\StudentRestApi)
2022-04-11 17:23:26,224 [main] DEBUG c.e.student.StudentManagementApplication           - Running with Spring Boot v2.6.2, Spring v5.3.14
2022-04-11 17:23:26,224 [main] INFO  c.e.student.StudentManagementApplication           - No active profile set, falling back to default profiles: default
2022-04-11 17:23:26,911 [main] INFO  o.s.d.r.c.RepositoryConfigurationDelegate          - Bootstrapping Spring Data JPA repositories in DEFAULT mode.
2022-04-11 17:23:26,978 [main] INFO  o.s.d.r.c.RepositoryConfigurationDelegate          - Finished Spring Data repository scanning in 44 ms. Found 1 JPA repository interfaces.
2022-04-11 17:23:27,535 [main] INFO  o.s.b.w.embedded.tomcat.TomcatWebServer            - Tomcat initialized with port(s): 8081 (http)
2022-04-11 17:23:27,544 [main] INFO  o.apache.coyote.http11.Http11NioProtocol           - Initializing ProtocolHandler ["http-nio-8081"]
2022-04-11 17:23:27,544 [main] INFO  org.apache.catalina.core.StandardService           - Starting service [Tomcat]
2022-04-11 17:23:27,544 [main] INFO  org.apache.catalina.core.StandardEngine            - Starting Servlet engine: [Apache Tomcat/9.0.56]
2022-04-11 17:23:27,662 [main] INFO  o.a.c.c.C.[Tomcat].[localhost].[/]                 - Initializing Spring embedded WebApplicationContext
2022-04-11 17:23:27,662 [main] INFO  o.s.b.w.s.c.ServletWebServerApplicationContext     - Root WebApplicationContext: initialization completed in 1375 ms
2022-04-11 17:23:27,696 [main] INFO  com.zaxxer.hikari.HikariDataSource                 - HikariPool-1 - Starting...
2022-04-11 17:23:27,884 [main] INFO  com.zaxxer.hikari.HikariDataSource                 - HikariPool-1 - Start completed.
2022-04-11 17:23:27,896 [main] INFO  o.s.b.a.h2.H2ConsoleAutoConfiguration              - H2 console available at '/h2-console'. Database available at 'jdbc:h2:mem:student'
2022-04-11 17:23:28,007 [main] INFO  o.hibernate.jpa.internal.util.LogHelper            - HHH000204: Processing PersistenceUnitInfo [name: default]
2022-04-11 17:23:28,058 [main] INFO  org.hibernate.Version                              - HHH000412: Hibernate ORM core version 5.6.3.Final
2022-04-11 17:23:28,251 [main] INFO  org.hibernate.annotations.common.Version           - HCANN000001: Hibernate Commons Annotations {5.1.2.Final}
2022-04-11 17:23:28,364 [main] INFO  org.hibernate.dialect.Dialect                      - HHH000400: Using dialect: org.hibernate.dialect.H2Dialect
2022-04-11 17:23:28,993 [main] INFO  o.h.e.t.j.p.i.JtaPlatformInitiator                 - HHH000490: Using JtaPlatform implementation: [org.hibernate.engine.transaction.jta.platform.internal.NoJtaPlatform]
2022-04-11 17:23:29,014 [main] INFO  o.s.o.j.LocalContainerEntityManagerFactoryBean     - Initialized JPA EntityManagerFactory for persistence unit 'default'
2022-04-11 17:23:29,468 [main] WARN  o.s.b.a.o.j.JpaBaseConfiguration$JpaWebConfiguration - spring.jpa.open-in-view is enabled by default. Therefore, database queries may be performed during view rendering. Explicitly configure spring.jpa.open-in-view to disable this warning
2022-04-11 17:23:29,782 [main] INFO  o.apache.coyote.http11.Http11NioProtocol           - Starting ProtocolHandler ["http-nio-8081"]
2022-04-11 17:23:29,828 [main] INFO  o.s.b.w.embedded.tomcat.TomcatWebServer            - Tomcat started on port(s): 8081 (http) with context path ''
2022-04-11 17:23:29,841 [main] INFO  c.e.student.StudentManagementApplication           - Started StudentManagementApplication in 4.097 seconds (JVM running for 5.201)
2022-04-11 17:23:42,566 [http-nio-8081-exec-1] INFO  o.a.c.c.C.[Tomcat].[localhost].[/]                 - Initializing Spring DispatcherServlet 'dispatcherServlet'
2022-04-11 17:23:42,567 [http-nio-8081-exec-1] INFO  o.s.web.servlet.DispatcherServlet                  - Initializing Servlet 'dispatcherServlet'
