2022-04-02 14:13:21,918 [http-nio-8081-exec-5] INFO  c.e.student.controller.StudentController           - Post Request Came For All Students
2022-04-02 14:13:21,926 [http-nio-8081-exec-5] INFO  c.e.student.controller.StudentController           - Post Request is forwarded to service layer
2022-04-02 14:13:22,322 [http-nio-8081-exec-6] INFO  c.e.student.controller.StudentController           - Post Request Came For All Students
2022-04-02 14:13:22,322 [http-nio-8081-exec-6] INFO  c.e.student.controller.StudentController           - Post Request is forwarded to service layer
2022-04-02 14:13:22,694 [http-nio-8081-exec-7] INFO  c.e.student.controller.StudentController           - Post Request Came For All Students
2022-04-02 14:13:22,694 [http-nio-8081-exec-7] INFO  c.e.student.controller.StudentController           - Post Request is forwarded to service layer
2022-04-02 14:13:23,269 [http-nio-8081-exec-8] INFO  c.e.student.controller.StudentController           - Post Request Came For All Students
2022-04-02 14:13:23,269 [http-nio-8081-exec-8] INFO  c.e.student.controller.StudentController           - Post Request is forwarded to service layer
2022-04-02 14:13:23,865 [http-nio-8081-exec-9] INFO  c.e.student.controller.StudentController           - Post Request Came For All Students
2022-04-02 14:13:23,866 [http-nio-8081-exec-9] INFO  c.e.student.controller.StudentController           - Post Request is forwarded to service layer
2022-04-02 14:13:24,318 [http-nio-8081-exec-10] INFO  c.e.student.controller.StudentController           - Post Request Came For All Students
2022-04-02 14:13:24,319 [http-nio-8081-exec-10] INFO  c.e.student.controller.StudentController           - Post Request is forwarded to service layer
2022-04-02 14:13:24,619 [http-nio-8081-exec-1] INFO  c.e.student.controller.StudentController           - Post Request Came For All Students
2022-04-02 14:13:24,619 [http-nio-8081-exec-1] INFO  c.e.student.controller.StudentController           - Post Request is forwarded to service layer
2022-04-02 14:13:42,900 [http-nio-8081-exec-2] INFO  c.e.student.controller.StudentController           - Post Request Came For All Students
2022-04-02 14:13:42,901 [http-nio-8081-exec-2] INFO  c.e.student.controller.StudentController           - Post Request is forwarded to service layer
2022-04-02 14:13:43,657 [http-nio-8081-exec-3] INFO  c.e.student.controller.StudentController           - Post Request Came For All Students
2022-04-02 14:13:43,657 [http-nio-8081-exec-3] INFO  c.e.student.controller.StudentController           - Post Request is forwarded to service layer
2022-04-02 14:13:44,274 [http-nio-8081-exec-4] INFO  c.e.student.controller.StudentController           - Post Request Came For All Students
2022-04-02 14:13:44,275 [http-nio-8081-exec-4] INFO  c.e.student.controller.StudentController           - Post Request is forwarded to service layer
2022-04-06 10:16:17,477 [background-preinit] INFO  o.h.validator.internal.util.Version                - HV000001: Hibernate Validator 6.2.0.Final
2022-04-06 10:16:17,545 [main] INFO  c.e.student.StudentManagementApplication           - Starting StudentManagementApplication using Java 17 on DESKTOP-6MJ53NL with PID 13992 (C:\Users\admin\git\StudentRestApi\target\classes started by admin in C:\Users\admin\git\StudentRestApi)
2022-04-06 10:16:17,547 [main] DEBUG c.e.student.StudentManagementApplication           - Running with Spring Boot v2.6.2, Spring v5.3.14
2022-04-06 10:16:17,547 [main] INFO  c.e.student.StudentManagementApplication           - No active profile set, falling back to default profiles: default
2022-04-06 10:16:24,504 [main] INFO  o.s.d.r.c.RepositoryConfigurationDelegate          - Bootstrapping Spring Data JPA repositories in DEFAULT mode.
2022-04-06 10:16:25,386 [main] INFO  o.s.d.r.c.RepositoryConfigurationDelegate          - Finished Spring Data repository scanning in 845 ms. Found 1 JPA repository interfaces.
2022-04-06 10:16:29,315 [main] INFO  o.s.b.w.embedded.tomcat.TomcatWebServer            - Tomcat initialized with port(s): 8081 (http)
2022-04-06 10:16:29,419 [main] INFO  o.apache.coyote.http11.Http11NioProtocol           - Initializing ProtocolHandler ["http-nio-8081"]
2022-04-06 10:16:29,420 [main] INFO  org.apache.catalina.core.StandardService           - Starting service [Tomcat]
2022-04-06 10:16:29,420 [main] INFO  org.apache.catalina.core.StandardEngine            - Starting Servlet engine: [Apache Tomcat/9.0.56]
2022-04-06 10:16:29,753 [main] INFO  o.a.c.c.C.[Tomcat].[localhost].[/]                 - Initializing Spring embedded WebApplicationContext
2022-04-06 10:16:29,754 [main] INFO  o.s.b.w.s.c.ServletWebServerApplicationContext     - Root WebApplicationContext: initialization completed in 12001 ms
2022-04-06 10:16:29,908 [main] INFO  com.zaxxer.hikari.HikariDataSource                 - HikariPool-1 - Starting...
2022-04-06 10:16:30,463 [main] INFO  com.zaxxer.hikari.HikariDataSource                 - HikariPool-1 - Start completed.
2022-04-06 10:16:30,481 [main] INFO  o.s.b.a.h2.H2ConsoleAutoConfiguration              - H2 console available at '/h2-console'. Database available at 'jdbc:h2:mem:student'
2022-04-06 10:16:31,230 [main] INFO  o.hibernate.jpa.internal.util.LogHelper            - HHH000204: Processing PersistenceUnitInfo [name: default]
