2022-04-06 10:41:10,292 [main] INFO  c.e.student.StudentManagementApplication           - Started StudentManagementApplication in 26.344 seconds (JVM running for 28.708)
2022-04-06 10:41:27,037 [http-nio-8081-exec-2] INFO  o.a.c.c.C.[Tomcat].[localhost].[/]                 - Initializing Spring DispatcherServlet 'dispatcherServlet'
2022-04-06 10:41:27,037 [http-nio-8081-exec-2] INFO  o.s.web.servlet.DispatcherServlet                  - Initializing Servlet 'dispatcherServlet'
2022-04-06 10:41:27,039 [http-nio-8081-exec-2] INFO  o.s.web.servlet.DispatcherServlet                  - Completed initialization in 2 ms
2022-04-06 10:41:27,440 [http-nio-8081-exec-2] INFO  c.e.student.controller.StudentController           - Post Request Came For All Students
2022-04-06 10:41:27,440 [http-nio-8081-exec-2] INFO  c.e.student.controller.StudentController           - Post Request is forwarded to service layer
2022-04-06 10:43:11,832 [http-nio-8081-exec-5] INFO  c.e.student.controller.StudentController           - Get Request For A Studet Name "John" came
2022-04-06 10:43:11,833 [http-nio-8081-exec-5] INFO  c.e.student.controller.StudentController           - Get Request is forwarded to service layer
2022-04-06 10:43:11,833 [http-nio-8081-exec-5] INFO  c.e.student.controller.StudentController           - student
2022-04-06 10:43:32,849 [http-nio-8081-exec-6] INFO  c.e.student.controller.StudentController           - Get Request For A Studet Name John came
2022-04-06 10:43:32,849 [http-nio-8081-exec-6] INFO  c.e.student.controller.StudentController           - Get Request is forwarded to service layer
2022-04-06 10:43:32,850 [http-nio-8081-exec-6] INFO  c.e.student.controller.StudentController           - student
2022-04-06 10:50:34,555 [http-nio-8081-exec-9] INFO  c.e.student.controller.StudentController           - Get Request For A Studet Name  came
2022-04-06 10:50:34,556 [http-nio-8081-exec-9] INFO  c.e.student.controller.StudentController           - Get Request is forwarded to service layer
2022-04-06 10:50:34,556 [http-nio-8081-exec-9] INFO  c.e.student.controller.StudentController           - student
2022-04-06 10:55:40,378 [RMI TCP Connection(18)-127.0.0.1] INFO  o.s.b.a.SpringApplicationAdminMXBeanRegistrar$SpringApplicationAdmin - Application shutdown requested.
2022-04-06 10:55:40,442 [RMI TCP Connection(18)-127.0.0.1] INFO  o.s.o.j.LocalContainerEntityManagerFactoryBean     - Closing JPA EntityManagerFactory for persistence unit 'default'
2022-04-06 10:55:40,443 [RMI TCP Connection(18)-127.0.0.1] INFO  com.zaxxer.hikari.HikariDataSource                 - HikariPool-1 - Shutdown initiated...
2022-04-06 10:55:40,445 [RMI TCP Connection(18)-127.0.0.1] INFO  com.zaxxer.hikari.HikariDataSource                 - HikariPool-1 - Shutdown completed.
2022-04-06 10:55:46,755 [background-preinit] INFO  o.h.validator.internal.util.Version                - HV000001: Hibernate Validator 6.2.0.Final
2022-04-06 10:55:46,780 [main] INFO  c.e.student.StudentManagementApplication           - Starting StudentManagementApplication using Java 17 on DESKTOP-6MJ53NL with PID 9780 (C:\Users\admin\git\StudentRestApi\target\classes started by admin in C:\Users\admin\git\StudentRestApi)
2022-04-06 10:55:46,781 [main] DEBUG c.e.student.StudentManagementApplication           - Running with Spring Boot v2.6.2, Spring v5.3.14
2022-04-06 10:55:46,781 [main] INFO  c.e.student.StudentManagementApplication           - No active profile set, falling back to default profiles: default
2022-04-06 10:55:47,485 [main] INFO  o.s.d.r.c.RepositoryConfigurationDelegate          - Bootstrapping Spring Data JPA repositories in DEFAULT mode.
2022-04-06 10:55:47,540 [main] INFO  o.s.d.r.c.RepositoryConfigurationDelegate          - Finished Spring Data repository scanning in 45 ms. Found 1 JPA repository interfaces.
2022-04-06 10:55:48,049 [main] INFO  o.s.b.w.embedded.tomcat.TomcatWebServer            - Tomcat initialized with port(s): 8081 (http)
2022-04-06 10:55:48,060 [main] INFO  o.apache.coyote.http11.Http11NioProtocol           - Initializing ProtocolHandler ["http-nio-8081"]
2022-04-06 10:55:48,086 [main] INFO  org.apache.catalina.core.StandardService           - Starting service [Tomcat]
2022-04-06 10:55:48,086 [main] INFO  org.apache.catalina.core.StandardEngine            - Starting Servlet engine: [Apache Tomcat/9.0.56]
2022-04-06 10:55:48,202 [main] INFO  o.a.c.c.C.[Tomcat].[localhost].[/]                 - Initializing Spring embedded WebApplicationContext
2022-04-06 10:55:48,202 [main] INFO  o.s.b.w.s.c.ServletWebServerApplicationContext     - Root WebApplicationContext: initialization completed in 1372 ms
2022-04-06 10:55:48,232 [main] INFO  com.zaxxer.hikari.HikariDataSource                 - HikariPool-1 - Starting...
2022-04-06 10:55:48,410 [main] INFO  com.zaxxer.hikari.HikariDataSource                 - HikariPool-1 - Start completed.
2022-04-06 10:55:48,421 [main] INFO  o.s.b.a.h2.H2ConsoleAutoConfiguration              - H2 console available at '/h2-console'. Database available at 'jdbc:h2:mem:student'
2022-04-06 10:55:48,545 [main] INFO  o.hibernate.jpa.internal.util.LogHelper            - HHH000204: Processing PersistenceUnitInfo [name: default]
2022-04-06 10:55:48,603 [main] INFO  org.hibernate.Version                              - HHH000412: Hibernate ORM core version 5.6.3.Final
2022-04-06 10:55:48,763 [main] INFO  org.hibernate.annotations.common.Version           - HCANN000001: Hibernate Commons Annotations {5.1.2.Final}
2022-04-06 10:55:48,874 [main] INFO  org.hibernate.dialect.Dialect                      - HHH000400: Using dialect: org.hibernate.dialect.H2Dialect
2022-04-06 10:55:49,512 [main] INFO  o.h.e.t.j.p.i.JtaPlatformInitiator                 - HHH000490: Using JtaPlatform implementation: [org.hibernate.engine.transaction.jta.platform.internal.NoJtaPlatform]
2022-04-06 10:55:49,537 [main] INFO  o.s.o.j.LocalContainerEntityManagerFactoryBean     - Initialized JPA EntityManagerFactory for persistence unit 'default'
2022-04-06 10:55:49,958 [main] WARN  o.s.b.a.o.j.JpaBaseConfiguration$JpaWebConfiguration - spring.jpa.open-in-view is enabled by default. Therefore, database queries may be performed during view rendering. Explicitly configure spring.jpa.open-in-view to disable this warning
2022-04-06 10:55:50,295 [main] INFO  o.apache.coyote.http11.Http11NioProtocol           - Starting ProtocolHandler ["http-nio-8081"]
2022-04-06 10:55:50,373 [main] INFO  o.s.b.w.embedded.tomcat.TomcatWebServer            - Tomcat started on port(s): 8081 (http) with context path ''
2022-04-06 10:55:50,387 [main] INFO  c.e.student.StudentManagementApplication           - Started StudentManagementApplication in 4.016 seconds (JVM running for 5.545)
