2022-03-26 20:06:47.157  INFO 7584 --- [main] c.e.s.StudentManagementApplication       : Starting StudentManagementApplication using Java 17 on DESKTOP-6MJ53NL with PID 7584 (C:\Users\admin\git\StudentRestApi\target\classes started by admin in C:\Users\admin\git\StudentRestApi)
2022-03-26 20:06:47.182  INFO 7584 --- [main] c.e.s.StudentManagementApplication       : No active profile set, falling back to default profiles: default
2022-03-26 20:06:51.227  INFO 7584 --- [main] .s.d.r.c.RepositoryConfigurationDelegate : Bootstrapping Spring Data JPA repositories in DEFAULT mode.
2022-03-26 20:06:51.298  INFO 7584 --- [main] .s.d.r.c.RepositoryConfigurationDelegate : Finished Spring Data repository scanning in 57 ms. Found 1 JPA repository interfaces.
2022-03-26 20:06:52.443  INFO 7584 --- [main] o.s.b.w.embedded.tomcat.TomcatWebServer  : Tomcat initialized with port(s): 8081 (http)
2022-03-26 20:06:52.462  INFO 7584 --- [main] o.apache.catalina.core.StandardService   : Starting service [Tomcat]
2022-03-26 20:06:52.462  INFO 7584 --- [main] org.apache.catalina.core.StandardEngine  : Starting Servlet engine: [Apache Tomcat/9.0.56]
2022-03-26 20:06:52.582  INFO 7584 --- [main] o.a.c.c.C.[Tomcat].[localhost].[/]       : Initializing Spring embedded WebApplicationContext
2022-03-26 20:06:52.583  INFO 7584 --- [main] w.s.c.ServletWebServerApplicationContext : Root WebApplicationContext: initialization completed in 4924 ms
2022-03-26 20:06:52.650  INFO 7584 --- [main] com.zaxxer.hikari.HikariDataSource       : HikariPool-1 - Starting...
2022-03-26 20:06:52.980  INFO 7584 --- [main] com.zaxxer.hikari.HikariDataSource       : HikariPool-1 - Start completed.
2022-03-26 20:06:52.996  INFO 7584 --- [main] o.s.b.a.h2.H2ConsoleAutoConfiguration    : H2 console available at '/h2-console'. Database available at 'jdbc:h2:mem:student'
2022-03-26 20:06:53.355  INFO 7584 --- [main] o.hibernate.jpa.internal.util.LogHelper  : HHH000204: Processing PersistenceUnitInfo [name: default]
2022-03-26 20:06:53.463  INFO 7584 --- [main] org.hibernate.Version                    : HHH000412: Hibernate ORM core version 5.6.3.Final
2022-03-26 20:06:53.844  INFO 7584 --- [main] o.hibernate.annotations.common.Version   : HCANN000001: Hibernate Commons Annotations {5.1.2.Final}
2022-03-26 20:06:54.051  INFO 7584 --- [main] org.hibernate.dialect.Dialect            : HHH000400: Using dialect: org.hibernate.dialect.H2Dialect
2022-03-26 20:06:55.069  INFO 7584 --- [main] o.h.e.t.j.p.i.JtaPlatformInitiator       : HHH000490: Using JtaPlatform implementation: [org.hibernate.engine.transaction.jta.platform.internal.NoJtaPlatform]
2022-03-26 20:06:55.079  INFO 7584 --- [main] j.LocalContainerEntityManagerFactoryBean : Initialized JPA EntityManagerFactory for persistence unit 'default'
2022-03-26 20:06:55.619  WARN 7584 --- [main] JpaBaseConfiguration$JpaWebConfiguration : spring.jpa.open-in-view is enabled by default. Therefore, database queries may be performed during view rendering. Explicitly configure spring.jpa.open-in-view to disable this warning
2022-03-26 20:06:56.236  INFO 7584 --- [main] o.s.b.w.embedded.tomcat.TomcatWebServer  : Tomcat started on port(s): 8081 (http) with context path ''
2022-03-26 20:06:56.248  INFO 7584 --- [main] c.e.s.StudentManagementApplication       : Started StudentManagementApplication in 11.878 seconds (JVM running for 16.657)
