2022-01-21 11:59:58.352  INFO 5720 --- [main] c.e.s.StudentManagementApplication       : Starting StudentManagementApplication using Java 17 on DESKTOP-6MJ53NL with PID 5720 (C:\Users\admin\Documents\Api\StudentManagement\target\classes started by admin in C:\Users\admin\Documents\Api\StudentManagement)
2022-01-21 11:59:58.356  INFO 5720 --- [main] c.e.s.StudentManagementApplication       : No active profile set, falling back to default profiles: default
2022-01-21 11:59:59.053  INFO 5720 --- [main] .s.d.r.c.RepositoryConfigurationDelegate : Bootstrapping Spring Data JPA repositories in DEFAULT mode.
2022-01-21 11:59:59.102  INFO 5720 --- [main] .s.d.r.c.RepositoryConfigurationDelegate : Finished Spring Data repository scanning in 38 ms. Found 1 JPA repository interfaces.
2022-01-21 11:59:59.769  INFO 5720 --- [main] o.s.b.w.embedded.tomcat.TomcatWebServer  : Tomcat initialized with port(s): 8080 (http)
2022-01-21 11:59:59.777  INFO 5720 --- [main] o.apache.catalina.core.StandardService   : Starting service [Tomcat]
2022-01-21 11:59:59.778  INFO 5720 --- [main] org.apache.catalina.core.StandardEngine  : Starting Servlet engine: [Apache Tomcat/9.0.56]
2022-01-21 11:59:59.884  INFO 5720 --- [main] o.a.c.c.C.[Tomcat].[localhost].[/]       : Initializing Spring embedded WebApplicationContext
2022-01-21 11:59:59.885  INFO 5720 --- [main] w.s.c.ServletWebServerApplicationContext : Root WebApplicationContext: initialization completed in 1471 ms
2022-01-21 11:59:59.925  INFO 5720 --- [main] com.zaxxer.hikari.HikariDataSource       : HikariPool-1 - Starting...
2022-01-21 12:00:00.107  INFO 5720 --- [main] com.zaxxer.hikari.HikariDataSource       : HikariPool-1 - Start completed.
2022-01-21 12:00:00.118  INFO 5720 --- [main] o.s.b.a.h2.H2ConsoleAutoConfiguration    : H2 console available at '/h2-console'. Database available at 'jdbc:h2:mem:student'
2022-01-21 12:00:00.234  INFO 5720 --- [main] o.hibernate.jpa.internal.util.LogHelper  : HHH000204: Processing PersistenceUnitInfo [name: default]
2022-01-21 12:00:00.294  INFO 5720 --- [main] org.hibernate.Version                    : HHH000412: Hibernate ORM core version 5.6.3.Final
2022-01-21 12:00:00.465  INFO 5720 --- [main] o.hibernate.annotations.common.Version   : HCANN000001: Hibernate Commons Annotations {5.1.2.Final}
2022-01-21 12:00:00.597  INFO 5720 --- [main] org.hibernate.dialect.Dialect            : HHH000400: Using dialect: org.hibernate.dialect.H2Dialect
2022-01-21 12:00:01.335  INFO 5720 --- [main] o.h.e.t.j.p.i.JtaPlatformInitiator       : HHH000490: Using JtaPlatform implementation: [org.hibernate.engine.transaction.jta.platform.internal.NoJtaPlatform]
2022-01-21 12:00:01.344  INFO 5720 --- [main] j.LocalContainerEntityManagerFactoryBean : Initialized JPA EntityManagerFactory for persistence unit 'default'
2022-01-21 12:00:01.686  WARN 5720 --- [main] JpaBaseConfiguration$JpaWebConfiguration : spring.jpa.open-in-view is enabled by default. Therefore, database queries may be performed during view rendering. Explicitly configure spring.jpa.open-in-view to disable this warning
2022-01-21 12:00:02.139  INFO 5720 --- [main] o.s.b.w.embedded.tomcat.TomcatWebServer  : Tomcat started on port(s): 8080 (http) with context path ''
2022-01-21 12:00:02.152  INFO 5720 --- [main] c.e.s.StudentManagementApplication       : Started StudentManagementApplication in 4.22 seconds (JVM running for 5.029)
2022-01-21 12:00:06.827  INFO 5720 --- [http-nio-8080-exec-2] o.a.c.c.C.[Tomcat].[localhost].[/]       : Initializing Spring DispatcherServlet 'dispatcherServlet'
2022-01-21 12:00:06.828  INFO 5720 --- [http-nio-8080-exec-2] o.s.web.servlet.DispatcherServlet        : Initializing Servlet 'dispatcherServlet'
2022-01-21 12:00:06.829  INFO 5720 --- [http-nio-8080-exec-2] o.s.web.servlet.DispatcherServlet        : Completed initialization in 1 ms
2022-01-21 12:00:06.894  INFO 5720 --- [http-nio-8080-exec-2] c.e.s.controller.StudentController       : Get Request came
2022-01-21 12:02:32.838  INFO 5720 --- [RMI TCP Connection(6)-127.0.0.1] inMXBeanRegistrar$SpringApplicationAdmin : Application shutdown requested.
2022-01-21 12:02:32.863  INFO 5720 --- [RMI TCP Connection(6)-127.0.0.1] j.LocalContainerEntityManagerFactoryBean : Closing JPA EntityManagerFactory for persistence unit 'default'
2022-01-21 12:02:32.865  INFO 5720 --- [RMI TCP Connection(6)-127.0.0.1] com.zaxxer.hikari.HikariDataSource       : HikariPool-1 - Shutdown initiated...
2022-01-21 12:02:32.867  INFO 5720 --- [RMI TCP Connection(6)-127.0.0.1] com.zaxxer.hikari.HikariDataSource       : HikariPool-1 - Shutdown completed.
